<?xml version="1.0" encoding="UTF-8"?>
<testsuite name="SmoketestProject.qs_smoketest_prototype" tests="48" failures="24" errors="0" time="0.992"><properties>
[...]
</properties><testcase name="quality_spr_class1_benchmark_top_decile-props" time="0.028"/><testcase name="quality_spr_class1_benchmark_top_decile-post" time="0.15"><failure type="" message=""><![CDATA[<h3><b>post Failed</b></h3><pre>[tin] Assertion failed for path [data.submission.taxpayerIdentificationNumber] : PathNotFoundException:Path 'data' not found in the current context:
{"error": {
   "type": "DuplicateEntryError",
   "message": "Category/SubmissionMethod quality/electronicHealthRecord already exists for this taxpayerIdentificationNumber/nationalProviderIdentifier/performanceYear"
}}
[npi] Assertion failed for path [data.submission.nationalProviderIdentifier] : PathNotFoundException:Path 'data' not found in the current context:
{"error": {
   "type": "DuplicateEntryError",
   "message": "Category/SubmissionMethod quality/electronicHealthRecord already exists for this taxpayerIdentificationNumber/nationalProviderIdentifier/performanceYear"
}}
</pre><hr/>]]></failure></testcase><testcase name="quality_spr_class1_benchmark_top_decile-get_id" time="0.015"><failure type="" message=""><![CDATA[<h3><b>get_id Failed</b></h3><pre>Error performing transfer [Id] - Path 'data' not found in the current context:
{"error": {
   "type": "DuplicateEntryError",
   "message": "Category/SubmissionMethod quality/electronicHealthRecord already exists for this taxpayerIdentificationNumber/nationalProviderIdentifier/performanceYear"
}}
</pre><hr/>]]></failure></testcase><testcase name="quality_spr_class1_benchmark_top_decile-score" time="0.014"><failure type="" message=""><![CDATA[<h3><b>score Failed</b></h3><pre>[quality_base] Assertion failed for path [data.score.parts[0].original.parts[0].value] : PathNotFoundException:Path 'data' not found in the current context:
{"error": {
   "type": "NotFoundError",
   "message": "No submission found for id: e6fe2b47-65fc-4feb-af96-0d4b1fd09a6b"
}}
[quality_bonus] Assertion failed for path [data.score.parts[0].original.parts[1].value] : PathNotFoundException:Path 'data' not found in the current context:
{"error": {
   "type": "NotFoundError",
   "message": "No submission found for id: e6fe2b47-65fc-4feb-af96-0d4b1fd09a6b"
}}
[msr_score] Assertion failed for path [data.score.parts[0].original.parts[0].parts[0].value] : PathNotFoundException:Path 'data' not found in the current context:
{"error": {
   "type": "NotFoundError",
   "message": "No submission found for id: e6fe2b47-65fc-4feb-af96-0d4b1fd09a6b"
}}
[msr_detail] Assertion failed for path [data.score.parts[0].original.parts[0].parts[0].detail] : PathNotFoundException:Path 'data' not found in the current context:
{"error": {
   "type": "NotFoundError",
   "message": "No submission found for id: e6fe2b47-65fc-4feb-af96-0d4b1fd09a6b"
}}
[final_score] Assertion failed for path [data.score.value] : PathNotFoundException:Path 'data' not found in the current context:
{"error": {
   "type": "NotFoundError",
   "message": "No submission found for id: e6fe2b47-65fc-4feb-af96-0d4b1fd09a6b"
}}
[quality_score] Assertion failed for path [data.score.parts[0].original.value] : PathNotFoundException:Path 'data' not found in the current context:
{"error": {
   "type": "NotFoundError",
   "message": "No submission found for id: e6fe2b47-65fc-4feb-af96-0d4b1fd09a6b"
}}
</pre><hr/>]]></failure></testcase><testcase name="quality_spr_class1_benchmark_top_decile-delete" time="0.016"/><testcase name="quality_spr_class1_benchmark_top_decile_inverse-NextLine" time="0.041"/><testcase name="quality_spr_class1_benchmark_top_decile_inverse-props" time="0.0"/><testcase name="quality_spr_class1_benchmark_top_decile_inverse-post" time="0.078"><failure type="" message=""><![CDATA[<h3><b>post Failed</b></h3><pre>[tin] Assertion failed for path [data.submission.taxpayerIdentificationNumber] : PathNotFoundException:Path 'data' not found in the current context:
{"error": {
   "type": "DuplicateEntryError",
   "message": "Category/SubmissionMethod quality/electronicHealthRecord already exists for this taxpayerIdentificationNumber/nationalProviderIdentifier/performanceYear"
}}
[npi] Assertion failed for path [data.submission.nationalProviderIdentifier] : PathNotFoundException:Path 'data' not found in the current context:
{"error": {
   "type": "DuplicateEntryError",
   "message": "Category/SubmissionMethod quality/electronicHealthRecord already exists for this taxpayerIdentificationNumber/nationalProviderIdentifier/performanceYear"
}}
</pre><hr/>]]></failure></testcase><testcase name="quality_spr_class1_benchmark_top_decile_inverse-get_id" time="0.001"><failure type="" message=""><![CDATA[<h3><b>get_id Failed</b></h3><pre>Error performing transfer [Id] - Path 'data' not found in the current context:
{"error": {
   "type": "DuplicateEntryError",
   "message": "Category/SubmissionMethod quality/electronicHealthRecord already exists for this taxpayerIdentificationNumber/nationalProviderIdentifier/performanceYear"
}}
</pre><hr/>]]></failure></testcase><testcase name="quality_spr_class1_benchmark_top_decile_inverse-score" time="0.008"><failure type="" message=""><![CDATA[<h3><b>score Failed</b></h3><pre>[quality_base] Assertion failed for path [data.score.parts[0].original.parts[0].value] : PathNotFoundException:Path 'data' not found in the current context:
{"error": {
   "type": "NotFoundError",
   "message": "No submission found for id: e6fe2b47-65fc-4feb-af96-0d4b1fd09a6b"
}}
[quality_bonus] Assertion failed for path [data.score.parts[0].original.parts[1].value] : PathNotFoundException:Path 'data' not found in the current context:
{"error": {
   "type": "NotFoundError",
   "message": "No submission found for id: e6fe2b47-65fc-4feb-af96-0d4b1fd09a6b"
}}
[msr_score] Assertion failed for path [data.score.parts[0].original.parts[0].parts[0].value] : PathNotFoundException:Path 'data' not found in the current context:
{"error": {
   "type": "NotFoundError",
   "message": "No submission found for id: e6fe2b47-65fc-4feb-af96-0d4b1fd09a6b"
}}
[msr_detail] Assertion failed for path [data.score.parts[0].original.parts[0].parts[0].detail] : PathNotFoundException:Path 'data' not found in the current context:
{"error": {
   "type": "NotFoundError",
   "message": "No submission found for id: e6fe2b47-65fc-4feb-af96-0d4b1fd09a6b"
}}
[final_score] Assertion failed for path [data.score.value] : PathNotFoundException:Path 'data' not found in the current context:
{"error": {
   "type": "NotFoundError",
   "message": "No submission found for id: e6fe2b47-65fc-4feb-af96-0d4b1fd09a6b"
}}
[quality_score] Assertion failed for path [data.score.parts[0].original.value] : PathNotFoundException:Path 'data' not found in the current context:
{"error": {
   "type": "NotFoundError",
   "message": "No submission found for id: e6fe2b47-65fc-4feb-af96-0d4b1fd09a6b"
}}
</pre><hr/>]]></failure></testcase><testcase name="quality_spr_class1_benchmark_top_decile_inverse-delete" time="0.015"/><testcase name="quality_spr_class1_benchmark_bottom_decile_inverse-NextLine" time="0.001"/><testcase name="quality_spr_class1_benchmark_bottom_decile_inverse-props" time="0.0"/><testcase name="quality_spr_class1_benchmark_bottom_decile_inverse-post" time="0.089"><failure type="" message=""><![CDATA[<h3><b>post Failed</b></h3><pre>[tin] Assertion failed for path [data.submission.taxpayerIdentificationNumber] : PathNotFoundException:Path 'data' not found in the current context:
{"error": {
   "type": "DuplicateEntryError",
   "message": "Category/SubmissionMethod quality/electronicHealthRecord already exists for this taxpayerIdentificationNumber/nationalProviderIdentifier/performanceYear"
}}
[npi] Assertion failed for path [data.submission.nationalProviderIdentifier] : PathNotFoundException:Path 'data' not found in the current context:
{"error": {
   "type": "DuplicateEntryError",
   "message": "Category/SubmissionMethod quality/electronicHealthRecord already exists for this taxpayerIdentificationNumber/nationalProviderIdentifier/performanceYear"
}}
</pre><hr/>]]></failure></testcase><testcase name="quality_spr_class1_benchmark_bottom_decile_inverse-get_id" time="0.0"><failure type="" message=""><![CDATA[<h3><b>get_id Failed</b></h3><pre>Error performing transfer [Id] - Path 'data' not found in the current context:
{"error": {
   "type": "DuplicateEntryError",
   "message": "Category/SubmissionMethod quality/electronicHealthRecord already exists for this taxpayerIdentificationNumber/nationalProviderIdentifier/performanceYear"
}}
</pre><hr/>]]></failure></testcase><testcase name="quality_spr_class1_benchmark_bottom_decile_inverse-score" time="0.008"><failure type="" message=""><![CDATA[<h3><b>score Failed</b></h3><pre>[quality_base] Assertion failed for path [data.score.parts[0].original.parts[0].value] : PathNotFoundException:Path 'data' not found in the current context:
{"error": {
   "type": "NotFoundError",
   "message": "No submission found for id: e6fe2b47-65fc-4feb-af96-0d4b1fd09a6b"
}}
[quality_bonus] Assertion failed for path [data.score.parts[0].original.parts[1].value] : PathNotFoundException:Path 'data' not found in the current context:
{"error": {
   "type": "NotFoundError",
   "message": "No submission found for id: e6fe2b47-65fc-4feb-af96-0d4b1fd09a6b"
}}
[msr_score] Assertion failed for path [data.score.parts[0].original.parts[0].parts[0].value] : PathNotFoundException:Path 'data' not found in the current context:
{"error": {
   "type": "NotFoundError",
   "message": "No submission found for id: e6fe2b47-65fc-4feb-af96-0d4b1fd09a6b"
}}
[msr_detail] Assertion failed for path [data.score.parts[0].original.parts[0].parts[0].detail] : PathNotFoundException:Path 'data' not found in the current context:
{"error": {
   "type": "NotFoundError",
   "message": "No submission found for id: e6fe2b47-65fc-4feb-af96-0d4b1fd09a6b"
}}
[final_score] Assertion failed for path [data.score.value] : PathNotFoundException:Path 'data' not found in the current context:
{"error": {
   "type": "NotFoundError",
   "message": "No submission found for id: e6fe2b47-65fc-4feb-af96-0d4b1fd09a6b"
}}
[quality_score] Assertion failed for path [data.score.parts[0].original.value] : PathNotFoundException:Path 'data' not found in the current context:
{"error": {
   "type": "NotFoundError",
   "message": "No submission found for id: e6fe2b47-65fc-4feb-af96-0d4b1fd09a6b"
}}
</pre><hr/>]]></failure></testcase><testcase name="quality_spr_class1_benchmark_bottom_decile_inverse-delete" time="0.009"/><testcase name="quality_spr_class1_benchmark_top_decile_qrda3-NextLine" time="0.001"/><testcase name="quality_spr_class1_benchmark_top_decile_qrda3-props" time="0.0"/><testcase name="quality_spr_class1_benchmark_top_decile_qrda3-post" time="0.08"><failure type="" message=""><![CDATA[<h3><b>post Failed</b></h3><pre>[tin] Assertion failed for path [data.submission.taxpayerIdentificationNumber] : PathNotFoundException:Path 'data' not found in the current context:
{"error": {
   "type": "DuplicateEntryError",
   "message": "Category/SubmissionMethod quality/electronicHealthRecord already exists for this taxpayerIdentificationNumber/nationalProviderIdentifier/performanceYear"
}}
[npi] Assertion failed for path [data.submission.nationalProviderIdentifier] : PathNotFoundException:Path 'data' not found in the current context:
{"error": {
   "type": "DuplicateEntryError",
   "message": "Category/SubmissionMethod quality/electronicHealthRecord already exists for this taxpayerIdentificationNumber/nationalProviderIdentifier/performanceYear"
}}
</pre><hr/>]]></failure></testcase><testcase name="quality_spr_class1_benchmark_top_decile_qrda3-get_id" time="0.001"><failure type="" message=""><![CDATA[<h3><b>get_id Failed</b></h3><pre>Error performing transfer [Id] - Path 'data' not found in the current context:
{"error": {
   "type": "DuplicateEntryError",
   "message": "Category/SubmissionMethod quality/electronicHealthRecord already exists for this taxpayerIdentificationNumber/nationalProviderIdentifier/performanceYear"
}}
</pre><hr/>]]></failure></testcase><testcase name="quality_spr_class1_benchmark_top_decile_qrda3-score" time="0.011"><failure type="" message=""><![CDATA[<h3><b>score Failed</b></h3><pre>[quality_base] Assertion failed for path [data.score.parts[0].original.parts[0].value] : PathNotFoundException:Path 'data' not found in the current context:
{"error": {
   "type": "NotFoundError",
   "message": "No submission found for id: e6fe2b47-65fc-4feb-af96-0d4b1fd09a6b"
}}
[quality_bonus] Assertion failed for path [data.score.parts[0].original.parts[1].value] : PathNotFoundException:Path 'data' not found in the current context:
{"error": {
   "type": "NotFoundError",
   "message": "No submission found for id: e6fe2b47-65fc-4feb-af96-0d4b1fd09a6b"
}}
[msr_score] Assertion failed for path [data.score.parts[0].original.parts[0].parts[0].value] : PathNotFoundException:Path 'data' not found in the current context:
{"error": {
   "type": "NotFoundError",
   "message": "No submission found for id: e6fe2b47-65fc-4feb-af96-0d4b1fd09a6b"
}}
[msr_detail] Assertion failed for path [data.score.parts[0].original.parts[0].parts[0].detail] : PathNotFoundException:Path 'data' not found in the current context:
{"error": {
   "type": "NotFoundError",
   "message": "No submission found for id: e6fe2b47-65fc-4feb-af96-0d4b1fd09a6b"
}}
[final_score] Assertion failed for path [data.score.value] : PathNotFoundException:Path 'data' not found in the current context:
{"error": {
   "type": "NotFoundError",
   "message": "No submission found for id: e6fe2b47-65fc-4feb-af96-0d4b1fd09a6b"
}}
[quality_score] Assertion failed for path [data.score.parts[0].original.value] : PathNotFoundException:Path 'data' not found in the current context:
{"error": {
   "type": "NotFoundError",
   "message": "No submission found for id: e6fe2b47-65fc-4feb-af96-0d4b1fd09a6b"
}}
</pre><hr/>]]></failure></testcase><testcase name="quality_spr_class1_benchmark_top_decile_qrda3-delete" time="0.011"/><testcase name="quality_spr_class1_benchmark_top_decile_qrda3-NextLine" time="0.001"/><testcase name="quality_spr_class1_benchmark_top_decile_qrda3-props" time="0.0"/><testcase name="quality_spr_class1_benchmark_top_decile_qrda3-post" time="0.063"><failure type="" message=""><![CDATA[<h3><b>post Failed</b></h3><pre>[tin] Assertion failed for path [data.submission.taxpayerIdentificationNumber] : PathNotFoundException:Path 'data' not found in the current context:
{"error": {
   "type": "DuplicateEntryError",
   "message": "Category/SubmissionMethod quality/electronicHealthRecord already exists for this taxpayerIdentificationNumber/nationalProviderIdentifier/performanceYear"
}}
[npi] Assertion failed for path [data.submission.nationalProviderIdentifier] : PathNotFoundException:Path 'data' not found in the current context:
{"error": {
   "type": "DuplicateEntryError",
   "message": "Category/SubmissionMethod quality/electronicHealthRecord already exists for this taxpayerIdentificationNumber/nationalProviderIdentifier/performanceYear"
}}
</pre><hr/>]]></failure></testcase><testcase name="quality_spr_class1_benchmark_top_decile_qrda3-get_id" time="0.001"><failure type="" message=""><![CDATA[<h3><b>get_id Failed</b></h3><pre>Error performing transfer [Id] - Path 'data' not found in the current context:
{"error": {
   "type": "DuplicateEntryError",
   "message": "Category/SubmissionMethod quality/electronicHealthRecord already exists for this taxpayerIdentificationNumber/nationalProviderIdentifier/performanceYear"
}}
</pre><hr/>]]></failure></testcase><testcase name="quality_spr_class1_benchmark_top_decile_qrda3-score" time="0.012"><failure type="" message=""><![CDATA[<h3><b>score Failed</b></h3><pre>[quality_base] Assertion failed for path [data.score.parts[0].original.parts[0].value] : PathNotFoundException:Path 'data' not found in the current context:
{"error": {
   "type": "NotFoundError",
   "message": "No submission found for id: e6fe2b47-65fc-4feb-af96-0d4b1fd09a6b"
}}
[quality_bonus] Assertion failed for path [data.score.parts[0].original.parts[1].value] : PathNotFoundException:Path 'data' not found in the current context:
{"error": {
   "type": "NotFoundError",
   "message": "No submission found for id: e6fe2b47-65fc-4feb-af96-0d4b1fd09a6b"
}}
[msr_score] Assertion failed for path [data.score.parts[0].original.parts[0].parts[0].value] : PathNotFoundException:Path 'data' not found in the current context:
{"error": {
   "type": "NotFoundError",
   "message": "No submission found for id: e6fe2b47-65fc-4feb-af96-0d4b1fd09a6b"
}}
[msr_detail] Assertion failed for path [data.score.parts[0].original.parts[0].parts[0].detail] : PathNotFoundException:Path 'data' not found in the current context:
{"error": {
   "type": "NotFoundError",
   "message": "No submission found for id: e6fe2b47-65fc-4feb-af96-0d4b1fd09a6b"
}}
[final_score] Assertion failed for path [data.score.value] : PathNotFoundException:Path 'data' not found in the current context:
{"error": {
   "type": "NotFoundError",
   "message": "No submission found for id: e6fe2b47-65fc-4feb-af96-0d4b1fd09a6b"
}}
[quality_score] Assertion failed for path [data.score.parts[0].original.value] : PathNotFoundException:Path 'data' not found in the current context:
{"error": {
   "type": "NotFoundError",
   "message": "No submission found for id: e6fe2b47-65fc-4feb-af96-0d4b1fd09a6b"
}}
</pre><hr/>]]></failure></testcase><testcase name="quality_spr_class1_benchmark_top_decile_qrda3-delete" time="0.012"/><testcase name="quality_spr_class1_benchmark_top_decile_toppedout-NextLine" time="0.001"/><testcase name="quality_spr_class1_benchmark_top_decile_toppedout-props" time="0.0"/><testcase name="quality_spr_class1_benchmark_top_decile_toppedout-post" time="0.075"><failure type="" message=""><![CDATA[<h3><b>post Failed</b></h3><pre>[tin] Assertion failed for path [data.submission.taxpayerIdentificationNumber] : PathNotFoundException:Path 'data' not found in the current context:
{"error": {
   "type": "DuplicateEntryError",
   "message": "Category/SubmissionMethod quality/electronicHealthRecord already exists for this taxpayerIdentificationNumber/nationalProviderIdentifier/performanceYear"
}}
[npi] Assertion failed for path [data.submission.nationalProviderIdentifier] : PathNotFoundException:Path 'data' not found in the current context:
{"error": {
   "type": "DuplicateEntryError",
   "message": "Category/SubmissionMethod quality/electronicHealthRecord already exists for this taxpayerIdentificationNumber/nationalProviderIdentifier/performanceYear"
}}
</pre><hr/>]]></failure></testcase><testcase name="quality_spr_class1_benchmark_top_decile_toppedout-get_id" time="0.0"><failure type="" message=""><![CDATA[<h3><b>get_id Failed</b></h3><pre>Error performing transfer [Id] - Path 'data' not found in the current context:
{"error": {
   "type": "DuplicateEntryError",
   "message": "Category/SubmissionMethod quality/electronicHealthRecord already exists for this taxpayerIdentificationNumber/nationalProviderIdentifier/performanceYear"
}}
</pre><hr/>]]></failure></testcase><testcase name="quality_spr_class1_benchmark_top_decile_toppedout-score" time="0.008"><failure type="" message=""><![CDATA[<h3><b>score Failed</b></h3><pre>[quality_base] Assertion failed for path [data.score.parts[0].original.parts[0].value] : PathNotFoundException:Path 'data' not found in the current context:
{"error": {
   "type": "NotFoundError",
   "message": "No submission found for id: e6fe2b47-65fc-4feb-af96-0d4b1fd09a6b"
}}
[quality_bonus] Assertion failed for path [data.score.parts[0].original.parts[1].value] : PathNotFoundException:Path 'data' not found in the current context:
{"error": {
   "type": "NotFoundError",
   "message": "No submission found for id: e6fe2b47-65fc-4feb-af96-0d4b1fd09a6b"
}}
[msr_score] Assertion failed for path [data.score.parts[0].original.parts[0].parts[0].value] : PathNotFoundException:Path 'data' not found in the current context:
{"error": {
   "type": "NotFoundError",
   "message": "No submission found for id: e6fe2b47-65fc-4feb-af96-0d4b1fd09a6b"
}}
[msr_detail] Assertion failed for path [data.score.parts[0].original.parts[0].parts[0].detail] : PathNotFoundException:Path 'data' not found in the current context:
{"error": {
   "type": "NotFoundError",
   "message": "No submission found for id: e6fe2b47-65fc-4feb-af96-0d4b1fd09a6b"
}}
[final_score] Assertion failed for path [data.score.value] : PathNotFoundException:Path 'data' not found in the current context:
{"error": {
   "type": "NotFoundError",
   "message": "No submission found for id: e6fe2b47-65fc-4feb-af96-0d4b1fd09a6b"
}}
[quality_score] Assertion failed for path [data.score.parts[0].original.value] : PathNotFoundException:Path 'data' not found in the current context:
{"error": {
   "type": "NotFoundError",
   "message": "No submission found for id: e6fe2b47-65fc-4feb-af96-0d4b1fd09a6b"
}}
</pre><hr/>]]></failure></testcase><testcase name="quality_spr_class1_benchmark_top_decile_toppedout-delete" time="0.012"/><testcase name="quality_spr_class2_no_benchmark-NextLine" time="0.001"/><testcase name="quality_spr_class2_no_benchmark-props" time="0.0"/><testcase name="quality_spr_class2_no_benchmark-post" time="0.078"><failure type="" message=""><![CDATA[<h3><b>post Failed</b></h3><pre>[tin] Assertion failed for path [data.submission.taxpayerIdentificationNumber] : PathNotFoundException:Path 'data' not found in the current context:
{"error": {
   "type": "DuplicateEntryError",
   "message": "Category/SubmissionMethod quality/electronicHealthRecord already exists for this taxpayerIdentificationNumber/nationalProviderIdentifier/performanceYear"
}}
[npi] Assertion failed for path [data.submission.nationalProviderIdentifier] : PathNotFoundException:Path 'data' not found in the current context:
{"error": {
   "type": "DuplicateEntryError",
   "message": "Category/SubmissionMethod quality/electronicHealthRecord already exists for this taxpayerIdentificationNumber/nationalProviderIdentifier/performanceYear"
}}
</pre><hr/>]]></failure></testcase><testcase name="quality_spr_class2_no_benchmark-get_id" time="0.0"><failure type="" message=""><![CDATA[<h3><b>get_id Failed</b></h3><pre>Error performing transfer [Id] - Path 'data' not found in the current context:
{"error": {
   "type": "DuplicateEntryError",
   "message": "Category/SubmissionMethod quality/electronicHealthRecord already exists for this taxpayerIdentificationNumber/nationalProviderIdentifier/performanceYear"
}}
</pre><hr/>]]></failure></testcase><testcase name="quality_spr_class2_no_benchmark-score" time="0.009"><failure type="" message=""><![CDATA[<h3><b>score Failed</b></h3><pre>[quality_base] Assertion failed for path [data.score.parts[0].original.parts[0].value] : PathNotFoundException:Path 'data' not found in the current context:
{"error": {
   "type": "NotFoundError",
   "message": "No submission found for id: e6fe2b47-65fc-4feb-af96-0d4b1fd09a6b"
}}
[quality_bonus] Assertion failed for path [data.score.parts[0].original.parts[1].value] : PathNotFoundException:Path 'data' not found in the current context:
{"error": {
   "type": "NotFoundError",
   "message": "No submission found for id: e6fe2b47-65fc-4feb-af96-0d4b1fd09a6b"
}}
[msr_score] Assertion failed for path [data.score.parts[0].original.parts[0].parts[0].value] : PathNotFoundException:Path 'data' not found in the current context:
{"error": {
   "type": "NotFoundError",
   "message": "No submission found for id: e6fe2b47-65fc-4feb-af96-0d4b1fd09a6b"
}}
[msr_detail] Assertion failed for path [data.score.parts[0].original.parts[0].parts[0].detail] : PathNotFoundException:Path 'data' not found in the current context:
{"error": {
   "type": "NotFoundError",
   "message": "No submission found for id: e6fe2b47-65fc-4feb-af96-0d4b1fd09a6b"
}}
[final_score] Assertion failed for path [data.score.value] : PathNotFoundException:Path 'data' not found in the current context:
{"error": {
   "type": "NotFoundError",
   "message": "No submission found for id: e6fe2b47-65fc-4feb-af96-0d4b1fd09a6b"
}}
[quality_score] Assertion failed for path [data.score.parts[0].original.value] : PathNotFoundException:Path 'data' not found in the current context:
{"error": {
   "type": "NotFoundError",
   "message": "No submission found for id: e6fe2b47-65fc-4feb-af96-0d4b1fd09a6b"
}}
</pre><hr/>]]></failure></testcase><testcase name="quality_spr_class2_no_benchmark-delete" time="0.016"/><testcase name="quality_spr_class2_no_benchmark_qrda3-NextLine" time="0.002"/><testcase name="quality_spr_class2_no_benchmark_qrda3-props" time="0.0"/><testcase name="quality_spr_class2_no_benchmark_qrda3-post" time="0.1"><failure type="" message=""><![CDATA[<h3><b>post Failed</b></h3><pre>[tin] Assertion failed for path [data.submission.taxpayerIdentificationNumber] : PathNotFoundException:Path 'data' not found in the current context:
{"error": {
   "type": "DuplicateEntryError",
   "message": "Category/SubmissionMethod quality/electronicHealthRecord already exists for this taxpayerIdentificationNumber/nationalProviderIdentifier/performanceYear"
}}
[npi] Assertion failed for path [data.submission.nationalProviderIdentifier] : PathNotFoundException:Path 'data' not found in the current context:
{"error": {
   "type": "DuplicateEntryError",
   "message": "Category/SubmissionMethod quality/electronicHealthRecord already exists for this taxpayerIdentificationNumber/nationalProviderIdentifier/performanceYear"
}}
</pre><hr/>]]></failure></testcase><testcase name="quality_spr_class2_no_benchmark_qrda3-get_id" time="0.001"><failure type="" message=""><![CDATA[<h3><b>get_id Failed</b></h3><pre>Error performing transfer [Id] - Path 'data' not found in the current context:
{"error": {
   "type": "DuplicateEntryError",
   "message": "Category/SubmissionMethod quality/electronicHealthRecord already exists for this taxpayerIdentificationNumber/nationalProviderIdentifier/performanceYear"
}}
</pre><hr/>]]></failure></testcase><testcase name="quality_spr_class2_no_benchmark_qrda3-score" time="0.01"><failure type="" message=""><![CDATA[<h3><b>score Failed</b></h3><pre>[quality_base] Assertion failed for path [data.score.parts[0].original.parts[0].value] : PathNotFoundException:Path 'data' not found in the current context:
{"error": {
   "type": "NotFoundError",
   "message": "No submission found for id: e6fe2b47-65fc-4feb-af96-0d4b1fd09a6b"
}}
[quality_bonus] Assertion failed for path [data.score.parts[0].original.parts[1].value] : PathNotFoundException:Path 'data' not found in the current context:
{"error": {
   "type": "NotFoundError",
   "message": "No submission found for id: e6fe2b47-65fc-4feb-af96-0d4b1fd09a6b"
}}
[msr_score] Assertion failed for path [data.score.parts[0].original.parts[0].parts[0].value] : PathNotFoundException:Path 'data' not found in the current context:
{"error": {
   "type": "NotFoundError",
   "message": "No submission found for id: e6fe2b47-65fc-4feb-af96-0d4b1fd09a6b"
}}
[msr_detail] Assertion failed for path [data.score.parts[0].original.parts[0].parts[0].detail] : PathNotFoundException:Path 'data' not found in the current context:
{"error": {
   "type": "NotFoundError",
   "message": "No submission found for id: e6fe2b47-65fc-4feb-af96-0d4b1fd09a6b"
}}
[final_score] Assertion failed for path [data.score.value] : PathNotFoundException:Path 'data' not found in the current context:
{"error": {
   "type": "NotFoundError",
   "message": "No submission found for id: e6fe2b47-65fc-4feb-af96-0d4b1fd09a6b"
}}
[quality_score] Assertion failed for path [data.score.parts[0].original.value] : PathNotFoundException:Path 'data' not found in the current context:
{"error": {
   "type": "NotFoundError",
   "message": "No submission found for id: e6fe2b47-65fc-4feb-af96-0d4b1fd09a6b"
}}
</pre><hr/>]]></failure></testcase><testcase name="quality_spr_class2_no_benchmark_qrda3-delete" time="0.013"/><testcase name="quality_spr_class2_no_benchmark_qrda3-NextLine" time="0.0"/></testsuite>